c:\users\abdelrahman hamdy\source\repos\op\debug\vc142.pdb
c:\users\abdelrahman hamdy\source\repos\op\debug\.netframework,version=v4.7.2.assemblyattributes.obj
c:\users\abdelrahman hamdy\source\repos\op\debug\myform1.obj
c:\users\abdelrahman hamdy\source\repos\op\debug\myform.obj
c:\users\abdelrahman hamdy\source\repos\op\debug\op.exe
c:\users\abdelrahman hamdy\source\repos\op\debug\op.pdb
c:\users\abdelrahman hamdy\source\repos\op\debug\op.myform.resources
c:\users\abdelrahman hamdy\source\repos\op\debug\op.myform1.resources
c:\users\abdelrahman hamdy\desktop\project\ds\project\op\debug\op.vcxproj.assemblyreference.cache
c:\users\abdelrahman hamdy\desktop\project\ds\project\op\debug\op.vcxproj.generateresource.cache
c:\users\abdelrahman hamdy\desktop\project\ds\project\op\debug\.netframework,version=v4.7.2.assemblyattributes.obj
c:\users\abdelrahman hamdy\desktop\project\ds\project\op\debug\myform.obj
c:\users\abdelrahman hamdy\desktop\project\ds\project\op\debug\myform1.obj
c:\users\abdelrahman hamdy\desktop\project\ds\project\op\debug\op.myform.resources
c:\users\abdelrahman hamdy\desktop\project\ds\project\op\debug\op.myform1.resources
c:\users\abdelrahman hamdy\desktop\project\ds\project\op\debug\op.pdb
c:\users\abdelrahman hamdy\desktop\project\ds\project\op\debug\vc142.pdb
c:\users\abdelrahman hamdy\desktop\project\ds\project\op\debug\op.exe.metagen
c:\users\abdelrahman hamdy\desktop\project\ds\project\op\debug\op.exe
c:\users\abdelrahman hamdy\desktop\project\ds\project\op\debug\op.tlog\cl.command.1.tlog
c:\users\abdelrahman hamdy\desktop\project\ds\project\op\debug\op.tlog\cl.read.1.tlog
c:\users\abdelrahman hamdy\desktop\project\ds\project\op\debug\op.tlog\cl.write.1.tlog
c:\users\abdelrahman hamdy\desktop\project\ds\project\op\debug\op.tlog\link.command.1.tlog
c:\users\abdelrahman hamdy\desktop\project\ds\project\op\debug\op.tlog\link.read.1.tlog
c:\users\abdelrahman hamdy\desktop\project\ds\project\op\debug\op.tlog\link.write.1.tlog
c:\users\abdelrahman hamdy\desktop\project\ds\project\op\debug\op.tlog\metagen.read.1.tlog
c:\users\abdelrahman hamdy\desktop\project\ds\project\op\debug\op.tlog\metagen.write.1.tlog
c:\users\abdelrahman hamdy\desktop\project\ds\project\op\debug\op.tlog\op.write.1u.tlog
