c:\users\abdelrahman hamdy\desktop\project\ds\project\op\x64\release\vc142.pdb
c:\users\abdelrahman hamdy\desktop\project\ds\project\op\x64\release\.netframework,version=v4.7.2.assemblyattributes.obj
c:\users\abdelrahman hamdy\desktop\project\ds\project\op\x64\release\myform1.obj
c:\users\abdelrahman hamdy\desktop\project\ds\project\op\x64\release\myform.obj
c:\users\abdelrahman hamdy\desktop\project\ds\project\op\x64\release\cc.obj
c:\users\abdelrahman hamdy\desktop\project\ds\project\op\x64\release\email_login.obj
c:\users\abdelrahman hamdy\desktop\project\ds\project\op\x64\release\op.exe
c:\users\abdelrahman hamdy\desktop\project\ds\project\op\x64\release\op.pdb
c:\users\abdelrahman hamdy\desktop\project\ds\project\op\x64\release\op.myform.resources
c:\users\abdelrahman hamdy\desktop\project\ds\project\op\x64\release\op.myform1.resources
c:\users\abdelrahman hamdy\desktop\project\ds\project\op\x64\release\op.lib
c:\users\abdelrahman hamdy\desktop\project\ds\project\op\x64\release\op.exp
c:\users\abdelrahman hamdy\desktop\project\ds\project\op\x64\release\op.exe.metagen
c:\users\abdelrahman hamdy\desktop\project\ds\project\op\x64\release\op.tlog\cl.command.1.tlog
c:\users\abdelrahman hamdy\desktop\project\ds\project\op\x64\release\op.tlog\cl.read.1.tlog
c:\users\abdelrahman hamdy\desktop\project\ds\project\op\x64\release\op.tlog\cl.write.1.tlog
c:\users\abdelrahman hamdy\desktop\project\ds\project\op\x64\release\op.tlog\link.command.1.tlog
c:\users\abdelrahman hamdy\desktop\project\ds\project\op\x64\release\op.tlog\link.read.1.tlog
c:\users\abdelrahman hamdy\desktop\project\ds\project\op\x64\release\op.tlog\link.write.1.tlog
c:\users\abdelrahman hamdy\desktop\project\ds\project\op\x64\release\op.tlog\metagen.read.1.tlog
c:\users\abdelrahman hamdy\desktop\project\ds\project\op\x64\release\op.tlog\metagen.write.1.tlog
c:\users\abdelrahman hamdy\desktop\project\ds\project\op\x64\release\op.tlog\op.write.1u.tlog
